<?xml version="1.0" encoding="UTF-8"?>
<!-- Generated by org.testng.reporters.JUnitReportReporter -->
<testsuite hostname="INBMWN153306" failures="0" tests="1" name="testCases.TC_001_AccontRegistrationTest" time="3.369" errors="0" timestamp="2024-05-29T18:40:59 IST" skipped="0">
  <testcase classname="testCases.TC_001_AccontRegistrationTest" name="Verify_Accout_Registration" time="3.369"/>
</testsuite> <!-- testCases.TC_001_AccontRegistrationTest -->
