<?xml version="1.0" encoding="UTF-8"?>
<!-- Generated by org.testng.reporters.JUnitReportReporter -->
<testsuite hostname="INBMWN153306" failures="0" tests="1" name="testCases.TC_001_Verify_Accont_Registration" time="3.262" errors="0" timestamp="2024-05-26T19:16:37 IST" skipped="0">
  <testcase classname="testCases.TC_001_Verify_Accont_Registration" name="Verify_Accout_Registration" time="3.262"/>
</testsuite> <!-- testCases.TC_001_Verify_Accont_Registration -->
