<?xml version="1.0" encoding="UTF-8"?>
<!-- Generated by org.testng.reporters.JUnitReportReporter -->
<testsuite hostname="INBMWN153306" failures="0" tests="1" name="testCases.TC_002_LoginTest" time="2.702" errors="0" timestamp="2024-05-29T18:40:59 IST" skipped="0">
  <testcase classname="testCases.TC_002_LoginTest" name="verify_login" time="2.702"/>
</testsuite> <!-- testCases.TC_002_LoginTest -->
